{"C:\\Hacktiv8\\Recruitment Test\\Hangry\\REST API\\RESTful-API-BE-Test\\app.js": {"path":"C:\\Hacktiv8\\Recruitment Test\\Hangry\\REST API\\RESTful-API-BE-Test\\app.js","statementMap":{"0":{"start":{"line":1,"column":0},"end":{"line":3,"column":1}},"1":{"start":{"line":2,"column":4},"end":{"line":2,"column":31}},"2":{"start":{"line":5,"column":16},"end":{"line":5,"column":34}},"3":{"start":{"line":6,"column":12},"end":{"line":6,"column":21}},"4":{"start":{"line":7,"column":13},"end":{"line":7,"column":37}},"5":{"start":{"line":8,"column":19},"end":{"line":8,"column":38}},"6":{"start":{"line":9,"column":13},"end":{"line":9,"column":28}},"7":{"start":{"line":12,"column":0},"end":{"line":12,"column":15}},"8":{"start":{"line":15,"column":0},"end":{"line":15,"column":47}},"9":{"start":{"line":16,"column":0},"end":{"line":16,"column":23}},"10":{"start":{"line":19,"column":0},"end":{"line":19,"column":24}},"11":{"start":{"line":26,"column":0},"end":{"line":26,"column":20}}},"fnMap":{},"branchMap":{"0":{"loc":{"start":{"line":1,"column":0},"end":{"line":3,"column":1}},"type":"if","locations":[{"start":{"line":1,"column":0},"end":{"line":3,"column":1}},{"start":{},"end":{}}],"line":1},"1":{"loc":{"start":{"line":7,"column":13},"end":{"line":7,"column":37}},"type":"binary-expr","locations":[{"start":{"line":7,"column":13},"end":{"line":7,"column":29}},{"start":{"line":7,"column":33},"end":{"line":7,"column":37}}],"line":7}},"s":{"0":2,"1":2,"2":2,"3":2,"4":2,"5":2,"6":2,"7":2,"8":2,"9":2,"10":2,"11":2},"f":{},"b":{"0":[2,0],"1":[2,0]},"_coverageSchema":"1a1c01bbd47fc00a2c39e90264f33305004495a9","hash":"d2b966ff0062be353cf2b9d2e5c1cb228ec504bc"}
,"C:\\Hacktiv8\\Recruitment Test\\Hangry\\REST API\\RESTful-API-BE-Test\\config\\redis.js": {"path":"C:\\Hacktiv8\\Recruitment Test\\Hangry\\REST API\\RESTful-API-BE-Test\\config\\redis.js","statementMap":{"0":{"start":{"line":1,"column":14},"end":{"line":1,"column":32}},"1":{"start":{"line":3,"column":14},"end":{"line":9,"column":2}},"2":{"start":{"line":11,"column":0},"end":{"line":11,"column":22}}},"fnMap":{},"branchMap":{},"s":{"0":4,"1":4,"2":4},"f":{},"b":{},"_coverageSchema":"1a1c01bbd47fc00a2c39e90264f33305004495a9","hash":"b45a0b8c3edb4e28e68761b03978b628acf23a59"}
,"C:\\Hacktiv8\\Recruitment Test\\Hangry\\REST API\\RESTful-API-BE-Test\\controllers\\cartController.js": {"path":"C:\\Hacktiv8\\Recruitment Test\\Hangry\\REST API\\RESTful-API-BE-Test\\controllers\\cartController.js","statementMap":{"0":{"start":{"line":1,"column":44},"end":{"line":1,"column":64}},"1":{"start":{"line":2,"column":14},"end":{"line":2,"column":40}},"2":{"start":{"line":7,"column":8},"end":{"line":49,"column":9}},"3":{"start":{"line":9,"column":27},"end":{"line":9,"column":38}},"4":{"start":{"line":12,"column":29},"end":{"line":12,"column":55}},"5":{"start":{"line":15,"column":31},"end":{"line":15,"column":56}},"6":{"start":{"line":18,"column":12},"end":{"line":44,"column":13}},"7":{"start":{"line":19,"column":37},"end":{"line":19,"column":59}},"8":{"start":{"line":20,"column":16},"end":{"line":20,"column":50}},"9":{"start":{"line":23,"column":37},"end":{"line":34,"column":18}},"10":{"start":{"line":37,"column":16},"end":{"line":37,"column":72}},"11":{"start":{"line":40,"column":16},"end":{"line":40,"column":51}},"12":{"start":{"line":43,"column":16},"end":{"line":43,"column":51}},"13":{"start":{"line":48,"column":12},"end":{"line":48,"column":24}},"14":{"start":{"line":54,"column":18},"end":{"line":54,"column":47}},"15":{"start":{"line":56,"column":8},"end":{"line":107,"column":9}},"16":{"start":{"line":57,"column":27},"end":{"line":57,"column":40}},"17":{"start":{"line":58,"column":27},"end":{"line":58,"column":38}},"18":{"start":{"line":59,"column":33},"end":{"line":59,"column":41}},"19":{"start":{"line":62,"column":25},"end":{"line":62,"column":52}},"20":{"start":{"line":63,"column":12},"end":{"line":65,"column":13}},"21":{"start":{"line":64,"column":16},"end":{"line":64,"column":47}},"22":{"start":{"line":68,"column":46},"end":{"line":74,"column":14}},"23":{"start":{"line":77,"column":45},"end":{"line":83,"column":14}},"24":{"start":{"line":86,"column":12},"end":{"line":86,"column":55}},"25":{"start":{"line":87,"column":12},"end":{"line":87,"column":69}},"26":{"start":{"line":90,"column":12},"end":{"line":90,"column":57}},"27":{"start":{"line":91,"column":12},"end":{"line":91,"column":56}},"28":{"start":{"line":94,"column":12},"end":{"line":94,"column":29}},"29":{"start":{"line":97,"column":29},"end":{"line":97,"column":55}},"30":{"start":{"line":98,"column":12},"end":{"line":98,"column":38}},"31":{"start":{"line":100,"column":28},"end":{"line":100,"column":87}},"32":{"start":{"line":101,"column":12},"end":{"line":101,"column":75}},"33":{"start":{"line":105,"column":12},"end":{"line":105,"column":31}},"34":{"start":{"line":106,"column":12},"end":{"line":106,"column":24}},"35":{"start":{"line":112,"column":18},"end":{"line":112,"column":47}},"36":{"start":{"line":114,"column":8},"end":{"line":188,"column":9}},"37":{"start":{"line":116,"column":27},"end":{"line":116,"column":37}},"38":{"start":{"line":119,"column":33},"end":{"line":119,"column":41}},"39":{"start":{"line":122,"column":29},"end":{"line":132,"column":14}},"40":{"start":{"line":135,"column":12},"end":{"line":137,"column":13}},"41":{"start":{"line":136,"column":16},"end":{"line":136,"column":47}},"42":{"start":{"line":140,"column":33},"end":{"line":146,"column":14}},"43":{"start":{"line":149,"column":12},"end":{"line":151,"column":13}},"44":{"start":{"line":150,"column":16},"end":{"line":150,"column":47}},"45":{"start":{"line":154,"column":35},"end":{"line":154,"column":87}},"46":{"start":{"line":155,"column":12},"end":{"line":155,"column":61}},"47":{"start":{"line":158,"column":12},"end":{"line":182,"column":13}},"48":{"start":{"line":160,"column":16},"end":{"line":162,"column":18}},"49":{"start":{"line":164,"column":17},"end":{"line":182,"column":13}},"50":{"start":{"line":166,"column":16},"end":{"line":166,"column":33}},"51":{"start":{"line":167,"column":16},"end":{"line":167,"column":68}},"52":{"start":{"line":170,"column":16},"end":{"line":170,"column":60}},"53":{"start":{"line":171,"column":16},"end":{"line":171,"column":72}},"54":{"start":{"line":172,"column":16},"end":{"line":172,"column":33}},"55":{"start":{"line":175,"column":31},"end":{"line":175,"column":42}},"56":{"start":{"line":176,"column":33},"end":{"line":176,"column":59}},"57":{"start":{"line":177,"column":16},"end":{"line":177,"column":42}},"58":{"start":{"line":180,"column":32},"end":{"line":180,"column":123}},"59":{"start":{"line":181,"column":16},"end":{"line":181,"column":73}},"60":{"start":{"line":186,"column":12},"end":{"line":186,"column":31}},"61":{"start":{"line":187,"column":12},"end":{"line":187,"column":24}},"62":{"start":{"line":193,"column":18},"end":{"line":193,"column":47}},"63":{"start":{"line":195,"column":8},"end":{"line":250,"column":9}},"64":{"start":{"line":197,"column":27},"end":{"line":197,"column":37}},"65":{"start":{"line":200,"column":29},"end":{"line":210,"column":14}},"66":{"start":{"line":213,"column":12},"end":{"line":215,"column":13}},"67":{"start":{"line":214,"column":16},"end":{"line":214,"column":47}},"68":{"start":{"line":218,"column":33},"end":{"line":223,"column":14}},"69":{"start":{"line":226,"column":35},"end":{"line":226,"column":74}},"70":{"start":{"line":227,"column":12},"end":{"line":227,"column":61}},"71":{"start":{"line":230,"column":12},"end":{"line":230,"column":56}},"72":{"start":{"line":231,"column":12},"end":{"line":231,"column":54}},"73":{"start":{"line":234,"column":12},"end":{"line":234,"column":29}},"74":{"start":{"line":237,"column":27},"end":{"line":237,"column":38}},"75":{"start":{"line":238,"column":29},"end":{"line":238,"column":55}},"76":{"start":{"line":239,"column":12},"end":{"line":239,"column":38}},"77":{"start":{"line":242,"column":12},"end":{"line":244,"column":14}},"78":{"start":{"line":248,"column":12},"end":{"line":248,"column":31}},"79":{"start":{"line":249,"column":12},"end":{"line":249,"column":24}},"80":{"start":{"line":255,"column":0},"end":{"line":255,"column":32}}},"fnMap":{"0":{"name":"(anonymous_0)","decl":{"start":{"line":6,"column":4},"end":{"line":6,"column":5}},"loc":{"start":{"line":6,"column":50},"end":{"line":50,"column":5}},"line":6},"1":{"name":"(anonymous_1)","decl":{"start":{"line":52,"column":4},"end":{"line":52,"column":5}},"loc":{"start":{"line":52,"column":45},"end":{"line":108,"column":5}},"line":52},"2":{"name":"(anonymous_2)","decl":{"start":{"line":110,"column":4},"end":{"line":110,"column":5}},"loc":{"start":{"line":110,"column":48},"end":{"line":189,"column":5}},"line":110},"3":{"name":"(anonymous_3)","decl":{"start":{"line":191,"column":4},"end":{"line":191,"column":5}},"loc":{"start":{"line":191,"column":48},"end":{"line":251,"column":5}},"line":191}},"branchMap":{"0":{"loc":{"start":{"line":18,"column":12},"end":{"line":44,"column":13}},"type":"if","locations":[{"start":{"line":18,"column":12},"end":{"line":44,"column":13}},{"start":{"line":21,"column":19},"end":{"line":44,"column":13}}],"line":18},"1":{"loc":{"start":{"line":63,"column":12},"end":{"line":65,"column":13}},"type":"if","locations":[{"start":{"line":63,"column":12},"end":{"line":65,"column":13}},{"start":{},"end":{}}],"line":63},"2":{"loc":{"start":{"line":135,"column":12},"end":{"line":137,"column":13}},"type":"if","locations":[{"start":{"line":135,"column":12},"end":{"line":137,"column":13}},{"start":{},"end":{}}],"line":135},"3":{"loc":{"start":{"line":149,"column":12},"end":{"line":151,"column":13}},"type":"if","locations":[{"start":{"line":149,"column":12},"end":{"line":151,"column":13}},{"start":{},"end":{}}],"line":149},"4":{"loc":{"start":{"line":158,"column":12},"end":{"line":182,"column":13}},"type":"if","locations":[{"start":{"line":158,"column":12},"end":{"line":182,"column":13}},{"start":{"line":164,"column":17},"end":{"line":182,"column":13}}],"line":158},"5":{"loc":{"start":{"line":164,"column":17},"end":{"line":182,"column":13}},"type":"if","locations":[{"start":{"line":164,"column":17},"end":{"line":182,"column":13}},{"start":{"line":168,"column":19},"end":{"line":182,"column":13}}],"line":164},"6":{"loc":{"start":{"line":213,"column":12},"end":{"line":215,"column":13}},"type":"if","locations":[{"start":{"line":213,"column":12},"end":{"line":215,"column":13}},{"start":{},"end":{}}],"line":213}},"s":{"0":3,"1":3,"2":3,"3":3,"4":3,"5":3,"6":2,"7":1,"8":1,"9":1,"10":1,"11":1,"12":1,"13":1,"14":2,"15":1,"16":1,"17":1,"18":1,"19":1,"20":1,"21":0,"22":1,"23":1,"24":1,"25":1,"26":1,"27":0,"28":0,"29":0,"30":0,"31":0,"32":0,"33":1,"34":1,"35":3,"36":3,"37":3,"38":3,"39":3,"40":2,"41":0,"42":2,"43":2,"44":0,"45":2,"46":0,"47":0,"48":0,"49":0,"50":0,"51":0,"52":0,"53":0,"54":0,"55":0,"56":0,"57":0,"58":0,"59":0,"60":3,"61":1,"62":2,"63":2,"64":2,"65":2,"66":1,"67":0,"68":1,"69":0,"70":0,"71":0,"72":0,"73":0,"74":0,"75":0,"76":0,"77":0,"78":2,"79":1,"80":3},"f":{"0":3,"1":2,"2":3,"3":2},"b":{"0":[1,1],"1":[0,1],"2":[0,2],"3":[0,2],"4":[0,0],"5":[0,0],"6":[0,1]},"_coverageSchema":"1a1c01bbd47fc00a2c39e90264f33305004495a9","hash":"46d5d670cf6c07e18b31c4e20c1aa104e302b53b"}
,"C:\\Hacktiv8\\Recruitment Test\\Hangry\\REST API\\RESTful-API-BE-Test\\controllers\\menuController.js": {"path":"C:\\Hacktiv8\\Recruitment Test\\Hangry\\REST API\\RESTful-API-BE-Test\\controllers\\menuController.js","statementMap":{"0":{"start":{"line":1,"column":28},"end":{"line":1,"column":48}},"1":{"start":{"line":2,"column":15},"end":{"line":2,"column":24}},"2":{"start":{"line":3,"column":14},"end":{"line":3,"column":40}},"3":{"start":{"line":8,"column":41},"end":{"line":8,"column":56}},"4":{"start":{"line":10,"column":29},"end":{"line":10,"column":31}},"5":{"start":{"line":15,"column":8},"end":{"line":21,"column":9}},"6":{"start":{"line":16,"column":12},"end":{"line":20,"column":14}},"7":{"start":{"line":24,"column":8},"end":{"line":35,"column":9}},"8":{"start":{"line":26,"column":12},"end":{"line":32,"column":13}},"9":{"start":{"line":28,"column":16},"end":{"line":28,"column":40}},"10":{"start":{"line":31,"column":16},"end":{"line":31,"column":58}},"11":{"start":{"line":34,"column":12},"end":{"line":34,"column":39}},"12":{"start":{"line":38,"column":8},"end":{"line":54,"column":9}},"13":{"start":{"line":39,"column":12},"end":{"line":42,"column":13}},"14":{"start":{"line":40,"column":16},"end":{"line":40,"column":34}},"15":{"start":{"line":41,"column":16},"end":{"line":41,"column":43}},"16":{"start":{"line":44,"column":12},"end":{"line":47,"column":13}},"17":{"start":{"line":45,"column":16},"end":{"line":45,"column":53}},"18":{"start":{"line":46,"column":16},"end":{"line":46,"column":45}},"19":{"start":{"line":50,"column":12},"end":{"line":50,"column":22}},"20":{"start":{"line":51,"column":12},"end":{"line":51,"column":23}},"21":{"start":{"line":52,"column":12},"end":{"line":52,"column":39}},"22":{"start":{"line":53,"column":12},"end":{"line":53,"column":41}},"23":{"start":{"line":56,"column":8},"end":{"line":108,"column":9}},"24":{"start":{"line":58,"column":29},"end":{"line":58,"column":74}},"25":{"start":{"line":61,"column":31},"end":{"line":61,"column":56}},"26":{"start":{"line":64,"column":12},"end":{"line":103,"column":13}},"27":{"start":{"line":65,"column":37},"end":{"line":65,"column":59}},"28":{"start":{"line":66,"column":16},"end":{"line":66,"column":50}},"29":{"start":{"line":69,"column":30},"end":{"line":69,"column":70}},"30":{"start":{"line":71,"column":35},"end":{"line":71,"column":46}},"31":{"start":{"line":72,"column":36},"end":{"line":72,"column":83}},"32":{"start":{"line":73,"column":33},"end":{"line":73,"column":51}},"33":{"start":{"line":74,"column":35},"end":{"line":74,"column":67}},"34":{"start":{"line":77,"column":37},"end":{"line":83,"column":17}},"35":{"start":{"line":86,"column":16},"end":{"line":88,"column":17}},"36":{"start":{"line":87,"column":20},"end":{"line":87,"column":60}},"37":{"start":{"line":90,"column":16},"end":{"line":92,"column":17}},"38":{"start":{"line":91,"column":20},"end":{"line":91,"column":64}},"39":{"start":{"line":95,"column":16},"end":{"line":95,"column":72}},"40":{"start":{"line":98,"column":16},"end":{"line":98,"column":51}},"41":{"start":{"line":101,"column":16},"end":{"line":101,"column":51}},"42":{"start":{"line":107,"column":12},"end":{"line":107,"column":24}},"43":{"start":{"line":112,"column":8},"end":{"line":132,"column":9}},"44":{"start":{"line":113,"column":27},"end":{"line":113,"column":37}},"45":{"start":{"line":116,"column":25},"end":{"line":120,"column":14}},"46":{"start":{"line":123,"column":12},"end":{"line":125,"column":13}},"47":{"start":{"line":124,"column":16},"end":{"line":124,"column":47}},"48":{"start":{"line":128,"column":12},"end":{"line":128,"column":39}},"49":{"start":{"line":131,"column":12},"end":{"line":131,"column":24}},"50":{"start":{"line":136,"column":42},"end":{"line":136,"column":50}},"51":{"start":{"line":138,"column":8},"end":{"line":160,"column":9}},"52":{"start":{"line":140,"column":32},"end":{"line":144,"column":14}},"53":{"start":{"line":147,"column":12},"end":{"line":147,"column":35}},"54":{"start":{"line":150,"column":12},"end":{"line":155,"column":14}},"55":{"start":{"line":159,"column":12},"end":{"line":159,"column":24}},"56":{"start":{"line":164,"column":8},"end":{"line":190,"column":9}},"57":{"start":{"line":165,"column":27},"end":{"line":165,"column":37}},"58":{"start":{"line":167,"column":25},"end":{"line":167,"column":48}},"59":{"start":{"line":170,"column":12},"end":{"line":172,"column":13}},"60":{"start":{"line":171,"column":16},"end":{"line":171,"column":47}},"61":{"start":{"line":175,"column":12},"end":{"line":177,"column":15}},"62":{"start":{"line":180,"column":12},"end":{"line":180,"column":35}},"63":{"start":{"line":183,"column":12},"end":{"line":185,"column":15}},"64":{"start":{"line":189,"column":12},"end":{"line":189,"column":24}},"65":{"start":{"line":194,"column":8},"end":{"line":231,"column":9}},"66":{"start":{"line":195,"column":27},"end":{"line":195,"column":37}},"67":{"start":{"line":196,"column":46},"end":{"line":196,"column":54}},"68":{"start":{"line":199,"column":25},"end":{"line":199,"column":48}},"69":{"start":{"line":202,"column":12},"end":{"line":204,"column":13}},"70":{"start":{"line":203,"column":16},"end":{"line":203,"column":47}},"71":{"start":{"line":207,"column":12},"end":{"line":209,"column":13}},"72":{"start":{"line":208,"column":16},"end":{"line":208,"column":98}},"73":{"start":{"line":212,"column":12},"end":{"line":216,"column":14}},"74":{"start":{"line":219,"column":32},"end":{"line":219,"column":55}},"75":{"start":{"line":222,"column":12},"end":{"line":222,"column":35}},"76":{"start":{"line":224,"column":12},"end":{"line":227,"column":14}},"77":{"start":{"line":230,"column":12},"end":{"line":230,"column":23}},"78":{"start":{"line":236,"column":0},"end":{"line":236,"column":32}}},"fnMap":{"0":{"name":"(anonymous_0)","decl":{"start":{"line":6,"column":4},"end":{"line":6,"column":5}},"loc":{"start":{"line":6,"column":46},"end":{"line":109,"column":5}},"line":6},"1":{"name":"(anonymous_1)","decl":{"start":{"line":111,"column":4},"end":{"line":111,"column":5}},"loc":{"start":{"line":111,"column":46},"end":{"line":133,"column":5}},"line":111},"2":{"name":"(anonymous_2)","decl":{"start":{"line":135,"column":4},"end":{"line":135,"column":5}},"loc":{"start":{"line":135,"column":44},"end":{"line":161,"column":5}},"line":135},"3":{"name":"(anonymous_3)","decl":{"start":{"line":163,"column":4},"end":{"line":163,"column":5}},"loc":{"start":{"line":163,"column":48},"end":{"line":191,"column":5}},"line":163},"4":{"name":"(anonymous_4)","decl":{"start":{"line":193,"column":4},"end":{"line":193,"column":5}},"loc":{"start":{"line":193,"column":48},"end":{"line":232,"column":5}},"line":193}},"branchMap":{"0":{"loc":{"start":{"line":8,"column":41},"end":{"line":8,"column":56}},"type":"binary-expr","locations":[{"start":{"line":8,"column":41},"end":{"line":8,"column":50}},{"start":{"line":8,"column":54},"end":{"line":8,"column":56}}],"line":8},"1":{"loc":{"start":{"line":15,"column":8},"end":{"line":21,"column":9}},"type":"if","locations":[{"start":{"line":15,"column":8},"end":{"line":21,"column":9}},{"start":{},"end":{}}],"line":15},"2":{"loc":{"start":{"line":24,"column":8},"end":{"line":35,"column":9}},"type":"if","locations":[{"start":{"line":24,"column":8},"end":{"line":35,"column":9}},{"start":{},"end":{}}],"line":24},"3":{"loc":{"start":{"line":24,"column":12},"end":{"line":24,"column":54}},"type":"binary-expr","locations":[{"start":{"line":24,"column":12},"end":{"line":24,"column":23}},{"start":{"line":24,"column":27},"end":{"line":24,"column":54}}],"line":24},"4":{"loc":{"start":{"line":26,"column":12},"end":{"line":32,"column":13}},"type":"if","locations":[{"start":{"line":26,"column":12},"end":{"line":32,"column":13}},{"start":{"line":29,"column":19},"end":{"line":32,"column":13}}],"line":26},"5":{"loc":{"start":{"line":38,"column":8},"end":{"line":54,"column":9}},"type":"if","locations":[{"start":{"line":38,"column":8},"end":{"line":54,"column":9}},{"start":{"line":48,"column":15},"end":{"line":54,"column":9}}],"line":38},"6":{"loc":{"start":{"line":38,"column":12},"end":{"line":38,"column":54}},"type":"binary-expr","locations":[{"start":{"line":38,"column":12},"end":{"line":38,"column":23}},{"start":{"line":38,"column":27},"end":{"line":38,"column":54}}],"line":38},"7":{"loc":{"start":{"line":39,"column":12},"end":{"line":42,"column":13}},"type":"if","locations":[{"start":{"line":39,"column":12},"end":{"line":42,"column":13}},{"start":{},"end":{}}],"line":39},"8":{"loc":{"start":{"line":39,"column":16},"end":{"line":39,"column":68}},"type":"binary-expr","locations":[{"start":{"line":39,"column":16},"end":{"line":39,"column":32}},{"start":{"line":39,"column":36},"end":{"line":39,"column":68}}],"line":39},"9":{"loc":{"start":{"line":44,"column":12},"end":{"line":47,"column":13}},"type":"if","locations":[{"start":{"line":44,"column":12},"end":{"line":47,"column":13}},{"start":{},"end":{}}],"line":44},"10":{"loc":{"start":{"line":44,"column":16},"end":{"line":44,"column":72}},"type":"binary-expr","locations":[{"start":{"line":44,"column":16},"end":{"line":44,"column":34}},{"start":{"line":44,"column":38},"end":{"line":44,"column":72}}],"line":44},"11":{"loc":{"start":{"line":64,"column":12},"end":{"line":103,"column":13}},"type":"if","locations":[{"start":{"line":64,"column":12},"end":{"line":103,"column":13}},{"start":{"line":67,"column":19},"end":{"line":103,"column":13}}],"line":64},"12":{"loc":{"start":{"line":72,"column":36},"end":{"line":72,"column":83}},"type":"cond-expr","locations":[{"start":{"line":72,"column":58},"end":{"line":72,"column":79}},{"start":{"line":72,"column":82},"end":{"line":72,"column":83}}],"line":72},"13":{"loc":{"start":{"line":72,"column":36},"end":{"line":72,"column":55}},"type":"binary-expr","locations":[{"start":{"line":72,"column":36},"end":{"line":72,"column":40}},{"start":{"line":72,"column":44},"end":{"line":72,"column":55}}],"line":72},"14":{"loc":{"start":{"line":73,"column":33},"end":{"line":73,"column":51}},"type":"binary-expr","locations":[{"start":{"line":73,"column":33},"end":{"line":73,"column":46}},{"start":{"line":73,"column":50},"end":{"line":73,"column":51}}],"line":73},"15":{"loc":{"start":{"line":86,"column":16},"end":{"line":88,"column":17}},"type":"if","locations":[{"start":{"line":86,"column":16},"end":{"line":88,"column":17}},{"start":{},"end":{}}],"line":86},"16":{"loc":{"start":{"line":90,"column":16},"end":{"line":92,"column":17}},"type":"if","locations":[{"start":{"line":90,"column":16},"end":{"line":92,"column":17}},{"start":{},"end":{}}],"line":90},"17":{"loc":{"start":{"line":123,"column":12},"end":{"line":125,"column":13}},"type":"if","locations":[{"start":{"line":123,"column":12},"end":{"line":125,"column":13}},{"start":{},"end":{}}],"line":123},"18":{"loc":{"start":{"line":170,"column":12},"end":{"line":172,"column":13}},"type":"if","locations":[{"start":{"line":170,"column":12},"end":{"line":172,"column":13}},{"start":{},"end":{}}],"line":170},"19":{"loc":{"start":{"line":202,"column":12},"end":{"line":204,"column":13}},"type":"if","locations":[{"start":{"line":202,"column":12},"end":{"line":204,"column":13}},{"start":{},"end":{}}],"line":202},"20":{"loc":{"start":{"line":207,"column":12},"end":{"line":209,"column":13}},"type":"if","locations":[{"start":{"line":207,"column":12},"end":{"line":209,"column":13}},{"start":{},"end":{}}],"line":207},"21":{"loc":{"start":{"line":207,"column":16},"end":{"line":207,"column":87}},"type":"binary-expr","locations":[{"start":{"line":207,"column":16},"end":{"line":207,"column":34}},{"start":{"line":207,"column":38},"end":{"line":207,"column":57}},{"start":{"line":207,"column":61},"end":{"line":207,"column":87}}],"line":207}},"s":{"0":2,"1":2,"2":2,"3":3,"4":3,"5":3,"6":1,"7":3,"8":1,"9":0,"10":1,"11":1,"12":3,"13":1,"14":1,"15":1,"16":1,"17":1,"18":1,"19":2,"20":2,"21":2,"22":2,"23":3,"24":3,"25":3,"26":3,"27":1,"28":1,"29":2,"30":2,"31":2,"32":2,"33":2,"34":2,"35":2,"36":0,"37":2,"38":1,"39":2,"40":2,"41":2,"42":0,"43":3,"44":3,"45":3,"46":2,"47":1,"48":1,"49":2,"50":1,"51":1,"52":1,"53":1,"54":1,"55":0,"56":2,"57":2,"58":2,"59":2,"60":1,"61":1,"62":1,"63":1,"64":1,"65":1,"66":1,"67":1,"68":1,"69":1,"70":0,"71":1,"72":0,"73":1,"74":1,"75":1,"76":1,"77":0,"78":2},"f":{"0":3,"1":3,"2":1,"3":2,"4":1},"b":{"0":[3,0],"1":[1,2],"2":[1,2],"3":[3,3],"4":[0,1],"5":[1,2],"6":[3,3],"7":[1,0],"8":[1,1],"9":[1,0],"10":[1,1],"11":[1,2],"12":[1,1],"13":[2,1],"14":[2,0],"15":[0,2],"16":[1,1],"17":[1,1],"18":[1,1],"19":[0,1],"20":[0,1],"21":[1,0,0]},"_coverageSchema":"1a1c01bbd47fc00a2c39e90264f33305004495a9","hash":"62d595f7423373046d93e306b6900c4d958c94a6"}
,"C:\\Hacktiv8\\Recruitment Test\\Hangry\\REST API\\RESTful-API-BE-Test\\controllers\\orderController.js": {"path":"C:\\Hacktiv8\\Recruitment Test\\Hangry\\REST API\\RESTful-API-BE-Test\\controllers\\orderController.js","statementMap":{"0":{"start":{"line":1,"column":77},"end":{"line":1,"column":97}},"1":{"start":{"line":2,"column":14},"end":{"line":2,"column":40}},"2":{"start":{"line":7,"column":18},"end":{"line":7,"column":47}},"3":{"start":{"line":9,"column":8},"end":{"line":91,"column":9}},"4":{"start":{"line":10,"column":27},"end":{"line":10,"column":40}},"5":{"start":{"line":11,"column":27},"end":{"line":11,"column":38}},"6":{"start":{"line":14,"column":33},"end":{"line":27,"column":14}},"7":{"start":{"line":30,"column":12},"end":{"line":32,"column":13}},"8":{"start":{"line":31,"column":16},"end":{"line":31,"column":47}},"9":{"start":{"line":35,"column":29},"end":{"line":38,"column":34}},"10":{"start":{"line":41,"column":12},"end":{"line":49,"column":13}},"11":{"start":{"line":42,"column":45},"end":{"line":42,"column":53}},"12":{"start":{"line":44,"column":16},"end":{"line":48,"column":39}},"13":{"start":{"line":52,"column":29},"end":{"line":62,"column":14}},"14":{"start":{"line":65,"column":12},"end":{"line":67,"column":13}},"15":{"start":{"line":66,"column":16},"end":{"line":66,"column":55}},"16":{"start":{"line":70,"column":12},"end":{"line":70,"column":71}},"17":{"start":{"line":72,"column":12},"end":{"line":72,"column":60}},"18":{"start":{"line":75,"column":12},"end":{"line":75,"column":38}},"19":{"start":{"line":77,"column":12},"end":{"line":77,"column":56}},"20":{"start":{"line":80,"column":12},"end":{"line":80,"column":29}},"21":{"start":{"line":83,"column":29},"end":{"line":83,"column":57}},"22":{"start":{"line":84,"column":12},"end":{"line":84,"column":38}},"23":{"start":{"line":86,"column":12},"end":{"line":86,"column":124}},"24":{"start":{"line":89,"column":12},"end":{"line":89,"column":31}},"25":{"start":{"line":90,"column":12},"end":{"line":90,"column":23}},"26":{"start":{"line":95,"column":8},"end":{"line":136,"column":9}},"27":{"start":{"line":97,"column":27},"end":{"line":97,"column":38}},"28":{"start":{"line":100,"column":29},"end":{"line":100,"column":57}},"29":{"start":{"line":103,"column":32},"end":{"line":103,"column":57}},"30":{"start":{"line":106,"column":12},"end":{"line":131,"column":13}},"31":{"start":{"line":107,"column":37},"end":{"line":107,"column":60}},"32":{"start":{"line":108,"column":16},"end":{"line":108,"column":50}},"33":{"start":{"line":111,"column":39},"end":{"line":121,"column":18}},"34":{"start":{"line":124,"column":16},"end":{"line":124,"column":74}},"35":{"start":{"line":127,"column":16},"end":{"line":127,"column":51}},"36":{"start":{"line":130,"column":16},"end":{"line":130,"column":53}},"37":{"start":{"line":135,"column":12},"end":{"line":135,"column":24}},"38":{"start":{"line":140,"column":0},"end":{"line":140,"column":33}}},"fnMap":{"0":{"name":"(anonymous_0)","decl":{"start":{"line":5,"column":4},"end":{"line":5,"column":5}},"loc":{"start":{"line":5,"column":45},"end":{"line":92,"column":5}},"line":5},"1":{"name":"(anonymous_1)","decl":{"start":{"line":94,"column":4},"end":{"line":94,"column":5}},"loc":{"start":{"line":94,"column":44},"end":{"line":137,"column":5}},"line":94}},"branchMap":{"0":{"loc":{"start":{"line":30,"column":12},"end":{"line":32,"column":13}},"type":"if","locations":[{"start":{"line":30,"column":12},"end":{"line":32,"column":13}},{"start":{},"end":{}}],"line":30},"1":{"loc":{"start":{"line":65,"column":12},"end":{"line":67,"column":13}},"type":"if","locations":[{"start":{"line":65,"column":12},"end":{"line":67,"column":13}},{"start":{},"end":{}}],"line":65},"2":{"loc":{"start":{"line":106,"column":12},"end":{"line":131,"column":13}},"type":"if","locations":[{"start":{"line":106,"column":12},"end":{"line":131,"column":13}},{"start":{"line":109,"column":19},"end":{"line":131,"column":13}}],"line":106}},"s":{"0":3,"1":3,"2":3,"3":3,"4":3,"5":3,"6":3,"7":3,"8":1,"9":2,"10":2,"11":2,"12":2,"13":1,"14":1,"15":0,"16":1,"17":1,"18":1,"19":1,"20":1,"21":1,"22":1,"23":1,"24":2,"25":2,"26":4,"27":4,"28":4,"29":4,"30":0,"31":0,"32":0,"33":0,"34":0,"35":0,"36":0,"37":4,"38":3},"f":{"0":3,"1":4},"b":{"0":[1,2],"1":[0,1],"2":[0,0]},"_coverageSchema":"1a1c01bbd47fc00a2c39e90264f33305004495a9","hash":"4157a8d37957db14fb09a2a045e92f2d46c7117a"}
,"C:\\Hacktiv8\\Recruitment Test\\Hangry\\REST API\\RESTful-API-BE-Test\\controllers\\userController.js": {"path":"C:\\Hacktiv8\\Recruitment Test\\Hangry\\REST API\\RESTful-API-BE-Test\\controllers\\userController.js","statementMap":{"0":{"start":{"line":1,"column":37},"end":{"line":1,"column":57}},"1":{"start":{"line":2,"column":24},"end":{"line":2,"column":58}},"2":{"start":{"line":3,"column":24},"end":{"line":3,"column":63}},"3":{"start":{"line":7,"column":8},"end":{"line":52,"column":9}},"4":{"start":{"line":9,"column":40},"end":{"line":9,"column":48}},"5":{"start":{"line":12,"column":12},"end":{"line":14,"column":13}},"6":{"start":{"line":13,"column":16},"end":{"line":13,"column":50}},"7":{"start":{"line":17,"column":12},"end":{"line":19,"column":13}},"8":{"start":{"line":18,"column":16},"end":{"line":18,"column":53}},"9":{"start":{"line":22,"column":25},"end":{"line":22,"column":65}},"10":{"start":{"line":23,"column":12},"end":{"line":25,"column":13}},"11":{"start":{"line":24,"column":16},"end":{"line":24,"column":55}},"12":{"start":{"line":28,"column":38},"end":{"line":28,"column":74}},"13":{"start":{"line":31,"column":12},"end":{"line":33,"column":13}},"14":{"start":{"line":32,"column":16},"end":{"line":32,"column":55}},"15":{"start":{"line":36,"column":33},"end":{"line":36,"column":61}},"16":{"start":{"line":39,"column":33},"end":{"line":45,"column":13}},"17":{"start":{"line":48,"column":12},"end":{"line":48,"column":47}},"18":{"start":{"line":51,"column":12},"end":{"line":51,"column":24}},"19":{"start":{"line":56,"column":8},"end":{"line":86,"column":9}},"20":{"start":{"line":58,"column":63},"end":{"line":58,"column":71}},"21":{"start":{"line":61,"column":32},"end":{"line":67,"column":14}},"22":{"start":{"line":70,"column":12},"end":{"line":72,"column":15}},"23":{"start":{"line":75,"column":33},"end":{"line":79,"column":13}},"24":{"start":{"line":82,"column":12},"end":{"line":82,"column":47}},"25":{"start":{"line":85,"column":12},"end":{"line":85,"column":24}},"26":{"start":{"line":90,"column":8},"end":{"line":134,"column":9}},"27":{"start":{"line":91,"column":27},"end":{"line":91,"column":38}},"28":{"start":{"line":93,"column":53},"end":{"line":93,"column":61}},"29":{"start":{"line":96,"column":28},"end":{"line":100,"column":14}},"30":{"start":{"line":103,"column":12},"end":{"line":105,"column":13}},"31":{"start":{"line":104,"column":16},"end":{"line":104,"column":50}},"32":{"start":{"line":108,"column":12},"end":{"line":110,"column":13}},"33":{"start":{"line":109,"column":16},"end":{"line":109,"column":101}},"34":{"start":{"line":113,"column":12},"end":{"line":117,"column":14}},"35":{"start":{"line":120,"column":35},"end":{"line":124,"column":14}},"36":{"start":{"line":127,"column":12},"end":{"line":130,"column":14}},"37":{"start":{"line":133,"column":12},"end":{"line":133,"column":23}},"38":{"start":{"line":139,"column":18},"end":{"line":139,"column":47}},"39":{"start":{"line":140,"column":8},"end":{"line":172,"column":9}},"40":{"start":{"line":141,"column":27},"end":{"line":141,"column":38}},"41":{"start":{"line":142,"column":31},"end":{"line":142,"column":39}},"42":{"start":{"line":145,"column":12},"end":{"line":147,"column":13}},"43":{"start":{"line":146,"column":16},"end":{"line":146,"column":48}},"44":{"start":{"line":150,"column":28},"end":{"line":153,"column":14}},"45":{"start":{"line":156,"column":12},"end":{"line":156,"column":53}},"46":{"start":{"line":159,"column":12},"end":{"line":159,"column":51}},"47":{"start":{"line":162,"column":12},"end":{"line":162,"column":29}},"48":{"start":{"line":165,"column":12},"end":{"line":165,"column":84}},"49":{"start":{"line":169,"column":12},"end":{"line":169,"column":31}},"50":{"start":{"line":171,"column":12},"end":{"line":171,"column":24}},"51":{"start":{"line":176,"column":0},"end":{"line":176,"column":32}}},"fnMap":{"0":{"name":"(anonymous_0)","decl":{"start":{"line":6,"column":4},"end":{"line":6,"column":5}},"loc":{"start":{"line":6,"column":43},"end":{"line":53,"column":5}},"line":6},"1":{"name":"(anonymous_1)","decl":{"start":{"line":55,"column":4},"end":{"line":55,"column":5}},"loc":{"start":{"line":55,"column":46},"end":{"line":87,"column":5}},"line":55},"2":{"name":"(anonymous_2)","decl":{"start":{"line":89,"column":4},"end":{"line":89,"column":5}},"loc":{"start":{"line":89,"column":45},"end":{"line":135,"column":5}},"line":89},"3":{"name":"(anonymous_3)","decl":{"start":{"line":137,"column":4},"end":{"line":137,"column":5}},"loc":{"start":{"line":137,"column":48},"end":{"line":173,"column":5}},"line":137}},"branchMap":{"0":{"loc":{"start":{"line":12,"column":12},"end":{"line":14,"column":13}},"type":"if","locations":[{"start":{"line":12,"column":12},"end":{"line":14,"column":13}},{"start":{},"end":{}}],"line":12},"1":{"loc":{"start":{"line":17,"column":12},"end":{"line":19,"column":13}},"type":"if","locations":[{"start":{"line":17,"column":12},"end":{"line":19,"column":13}},{"start":{},"end":{}}],"line":17},"2":{"loc":{"start":{"line":23,"column":12},"end":{"line":25,"column":13}},"type":"if","locations":[{"start":{"line":23,"column":12},"end":{"line":25,"column":13}},{"start":{},"end":{}}],"line":23},"3":{"loc":{"start":{"line":31,"column":12},"end":{"line":33,"column":13}},"type":"if","locations":[{"start":{"line":31,"column":12},"end":{"line":33,"column":13}},{"start":{},"end":{}}],"line":31},"4":{"loc":{"start":{"line":103,"column":12},"end":{"line":105,"column":13}},"type":"if","locations":[{"start":{"line":103,"column":12},"end":{"line":105,"column":13}},{"start":{},"end":{}}],"line":103},"5":{"loc":{"start":{"line":108,"column":12},"end":{"line":110,"column":13}},"type":"if","locations":[{"start":{"line":108,"column":12},"end":{"line":110,"column":13}},{"start":{},"end":{}}],"line":108},"6":{"loc":{"start":{"line":108,"column":16},"end":{"line":108,"column":109}},"type":"binary-expr","locations":[{"start":{"line":108,"column":16},"end":{"line":108,"column":46}},{"start":{"line":108,"column":50},"end":{"line":108,"column":78}},{"start":{"line":108,"column":82},"end":{"line":108,"column":109}}],"line":108},"7":{"loc":{"start":{"line":145,"column":12},"end":{"line":147,"column":13}},"type":"if","locations":[{"start":{"line":145,"column":12},"end":{"line":147,"column":13}},{"start":{},"end":{}}],"line":145}},"s":{"0":2,"1":2,"2":2,"3":5,"4":5,"5":5,"6":2,"7":3,"8":1,"9":2,"10":2,"11":0,"12":2,"13":2,"14":1,"15":1,"16":1,"17":1,"18":4,"19":13,"20":13,"21":13,"22":1,"23":1,"24":1,"25":12,"26":1,"27":1,"28":1,"29":1,"30":1,"31":0,"32":1,"33":0,"34":1,"35":1,"36":1,"37":0,"38":2,"39":2,"40":2,"41":2,"42":2,"43":1,"44":1,"45":1,"46":1,"47":1,"48":1,"49":1,"50":1,"51":2},"f":{"0":5,"1":13,"2":1,"3":2},"b":{"0":[2,3],"1":[1,2],"2":[0,2],"3":[1,1],"4":[0,1],"5":[0,1],"6":[1,0,0],"7":[1,1]},"_coverageSchema":"1a1c01bbd47fc00a2c39e90264f33305004495a9","hash":"9493a59f70af04db782d4fff54f953885b85525e"}
,"C:\\Hacktiv8\\Recruitment Test\\Hangry\\REST API\\RESTful-API-BE-Test\\helpers\\bcryptHasher.js": {"path":"C:\\Hacktiv8\\Recruitment Test\\Hangry\\REST API\\RESTful-API-BE-Test\\helpers\\bcryptHasher.js","statementMap":{"0":{"start":{"line":1,"column":15},"end":{"line":1,"column":34}},"1":{"start":{"line":3,"column":21},"end":{"line":5,"column":1}},"2":{"start":{"line":4,"column":4},"end":{"line":4,"column":37}},"3":{"start":{"line":7,"column":20},"end":{"line":9,"column":1}},"4":{"start":{"line":8,"column":4},"end":{"line":8,"column":56}},"5":{"start":{"line":11,"column":0},"end":{"line":11,"column":46}}},"fnMap":{"0":{"name":"(anonymous_0)","decl":{"start":{"line":3,"column":21},"end":{"line":3,"column":22}},"loc":{"start":{"line":3,"column":35},"end":{"line":5,"column":1}},"line":3},"1":{"name":"(anonymous_1)","decl":{"start":{"line":7,"column":20},"end":{"line":7,"column":21}},"loc":{"start":{"line":7,"column":50},"end":{"line":9,"column":1}},"line":7}},"branchMap":{},"s":{"0":7,"1":7,"2":3,"3":7,"4":2,"5":7},"f":{"0":3,"1":2},"b":{},"_coverageSchema":"1a1c01bbd47fc00a2c39e90264f33305004495a9","hash":"3b4e5695deb38d5347993467c582a8e03f589e1c"}
,"C:\\Hacktiv8\\Recruitment Test\\Hangry\\REST API\\RESTful-API-BE-Test\\helpers\\jwtEncoderDecoder.js": {"path":"C:\\Hacktiv8\\Recruitment Test\\Hangry\\REST API\\RESTful-API-BE-Test\\helpers\\jwtEncoderDecoder.js","statementMap":{"0":{"start":{"line":1,"column":12},"end":{"line":1,"column":35}},"1":{"start":{"line":3,"column":21},"end":{"line":3,"column":47}},"2":{"start":{"line":5,"column":20},"end":{"line":7,"column":1}},"3":{"start":{"line":6,"column":4},"end":{"line":6,"column":42}},"4":{"start":{"line":9,"column":20},"end":{"line":11,"column":1}},"5":{"start":{"line":10,"column":4},"end":{"line":10,"column":42}},"6":{"start":{"line":13,"column":0},"end":{"line":13,"column":43}}},"fnMap":{"0":{"name":"(anonymous_0)","decl":{"start":{"line":5,"column":20},"end":{"line":5,"column":21}},"loc":{"start":{"line":5,"column":33},"end":{"line":7,"column":1}},"line":5},"1":{"name":"(anonymous_1)","decl":{"start":{"line":9,"column":20},"end":{"line":9,"column":21}},"loc":{"start":{"line":9,"column":31},"end":{"line":11,"column":1}},"line":9}},"branchMap":{},"s":{"0":4,"1":4,"2":4,"3":1,"4":4,"5":6,"6":4},"f":{"0":1,"1":6},"b":{},"_coverageSchema":"1a1c01bbd47fc00a2c39e90264f33305004495a9","hash":"288dc9d4b6f85040078c6176989639286c6fe4a3"}
,"C:\\Hacktiv8\\Recruitment Test\\Hangry\\REST API\\RESTful-API-BE-Test\\middlewares\\adminAuthentication.js": {"path":"C:\\Hacktiv8\\Recruitment Test\\Hangry\\REST API\\RESTful-API-BE-Test\\middlewares\\adminAuthentication.js","statementMap":{"0":{"start":{"line":1,"column":24},"end":{"line":1,"column":63}},"1":{"start":{"line":2,"column":17},"end":{"line":2,"column":37}},"2":{"start":{"line":4,"column":28},"end":{"line":41,"column":1}},"3":{"start":{"line":5,"column":4},"end":{"line":40,"column":5}},"4":{"start":{"line":6,"column":33},"end":{"line":6,"column":44}},"5":{"start":{"line":9,"column":8},"end":{"line":11,"column":9}},"6":{"start":{"line":10,"column":12},"end":{"line":10,"column":49}},"7":{"start":{"line":14,"column":24},"end":{"line":14,"column":49}},"8":{"start":{"line":16,"column":25},"end":{"line":16,"column":56}},"9":{"start":{"line":19,"column":8},"end":{"line":21,"column":9}},"10":{"start":{"line":20,"column":12},"end":{"line":20,"column":43}},"11":{"start":{"line":24,"column":8},"end":{"line":26,"column":9}},"12":{"start":{"line":25,"column":12},"end":{"line":25,"column":40}},"13":{"start":{"line":29,"column":8},"end":{"line":33,"column":9}},"14":{"start":{"line":36,"column":8},"end":{"line":36,"column":15}},"15":{"start":{"line":39,"column":8},"end":{"line":39,"column":20}},"16":{"start":{"line":43,"column":0},"end":{"line":43,"column":37}}},"fnMap":{"0":{"name":"(anonymous_0)","decl":{"start":{"line":4,"column":28},"end":{"line":4,"column":29}},"loc":{"start":{"line":4,"column":54},"end":{"line":41,"column":1}},"line":4}},"branchMap":{"0":{"loc":{"start":{"line":9,"column":8},"end":{"line":11,"column":9}},"type":"if","locations":[{"start":{"line":9,"column":8},"end":{"line":11,"column":9}},{"start":{},"end":{}}],"line":9},"1":{"loc":{"start":{"line":19,"column":8},"end":{"line":21,"column":9}},"type":"if","locations":[{"start":{"line":19,"column":8},"end":{"line":21,"column":9}},{"start":{},"end":{}}],"line":19},"2":{"loc":{"start":{"line":24,"column":8},"end":{"line":26,"column":9}},"type":"if","locations":[{"start":{"line":24,"column":8},"end":{"line":26,"column":9}},{"start":{},"end":{}}],"line":24}},"s":{"0":3,"1":3,"2":3,"3":10,"4":10,"5":10,"6":4,"7":6,"8":3,"9":3,"10":1,"11":2,"12":1,"13":1,"14":1,"15":9,"16":3},"f":{"0":10},"b":{"0":[4,6],"1":[1,2],"2":[1,1]},"_coverageSchema":"1a1c01bbd47fc00a2c39e90264f33305004495a9","hash":"b1bd80b1153c988d2e726544f695875a2b5b3493"}
,"C:\\Hacktiv8\\Recruitment Test\\Hangry\\REST API\\RESTful-API-BE-Test\\middlewares\\errorHandler.js": {"path":"C:\\Hacktiv8\\Recruitment Test\\Hangry\\REST API\\RESTful-API-BE-Test\\middlewares\\errorHandler.js","statementMap":{"0":{"start":{"line":1,"column":21},"end":{"line":63,"column":1}},"1":{"start":{"line":2,"column":17},"end":{"line":2,"column":20}},"2":{"start":{"line":3,"column":18},"end":{"line":3,"column":41}},"3":{"start":{"line":5,"column":4},"end":{"line":60,"column":5}},"4":{"start":{"line":8,"column":12},"end":{"line":8,"column":25}},"5":{"start":{"line":9,"column":12},"end":{"line":9,"column":46}},"6":{"start":{"line":10,"column":12},"end":{"line":10,"column":18}},"7":{"start":{"line":12,"column":12},"end":{"line":12,"column":25}},"8":{"start":{"line":13,"column":12},"end":{"line":13,"column":43}},"9":{"start":{"line":14,"column":12},"end":{"line":14,"column":18}},"10":{"start":{"line":16,"column":12},"end":{"line":16,"column":25}},"11":{"start":{"line":17,"column":12},"end":{"line":17,"column":46}},"12":{"start":{"line":18,"column":12},"end":{"line":18,"column":18}},"13":{"start":{"line":20,"column":12},"end":{"line":20,"column":25}},"14":{"start":{"line":21,"column":12},"end":{"line":21,"column":50}},"15":{"start":{"line":22,"column":12},"end":{"line":22,"column":18}},"16":{"start":{"line":24,"column":12},"end":{"line":24,"column":25}},"17":{"start":{"line":25,"column":12},"end":{"line":25,"column":63}},"18":{"start":{"line":26,"column":12},"end":{"line":26,"column":18}},"19":{"start":{"line":28,"column":12},"end":{"line":28,"column":25}},"20":{"start":{"line":29,"column":12},"end":{"line":29,"column":74}},"21":{"start":{"line":30,"column":12},"end":{"line":30,"column":18}},"22":{"start":{"line":33,"column":12},"end":{"line":33,"column":25}},"23":{"start":{"line":34,"column":12},"end":{"line":34,"column":38}},"24":{"start":{"line":35,"column":12},"end":{"line":35,"column":18}},"25":{"start":{"line":37,"column":12},"end":{"line":37,"column":25}},"26":{"start":{"line":38,"column":12},"end":{"line":38,"column":42}},"27":{"start":{"line":39,"column":12},"end":{"line":39,"column":18}},"28":{"start":{"line":41,"column":12},"end":{"line":41,"column":25}},"29":{"start":{"line":42,"column":12},"end":{"line":42,"column":39}},"30":{"start":{"line":43,"column":12},"end":{"line":43,"column":18}},"31":{"start":{"line":45,"column":12},"end":{"line":45,"column":25}},"32":{"start":{"line":46,"column":12},"end":{"line":46,"column":39}},"33":{"start":{"line":47,"column":12},"end":{"line":47,"column":18}},"34":{"start":{"line":49,"column":12},"end":{"line":49,"column":25}},"35":{"start":{"line":50,"column":12},"end":{"line":50,"column":39}},"36":{"start":{"line":51,"column":12},"end":{"line":51,"column":18}},"37":{"start":{"line":53,"column":12},"end":{"line":53,"column":25}},"38":{"start":{"line":54,"column":12},"end":{"line":54,"column":64}},"39":{"start":{"line":55,"column":12},"end":{"line":55,"column":18}},"40":{"start":{"line":57,"column":12},"end":{"line":57,"column":25}},"41":{"start":{"line":58,"column":12},"end":{"line":58,"column":67}},"42":{"start":{"line":59,"column":12},"end":{"line":59,"column":18}},"43":{"start":{"line":62,"column":4},"end":{"line":62,"column":41}},"44":{"start":{"line":65,"column":0},"end":{"line":65,"column":30}}},"fnMap":{"0":{"name":"(anonymous_0)","decl":{"start":{"line":1,"column":21},"end":{"line":1,"column":22}},"loc":{"start":{"line":1,"column":48},"end":{"line":63,"column":1}},"line":1}},"branchMap":{"0":{"loc":{"start":{"line":5,"column":4},"end":{"line":60,"column":5}},"type":"switch","locations":[{"start":{"line":6,"column":8},"end":{"line":6,"column":40}},{"start":{"line":7,"column":8},"end":{"line":10,"column":18}},{"start":{"line":11,"column":8},"end":{"line":14,"column":18}},{"start":{"line":15,"column":8},"end":{"line":18,"column":18}},{"start":{"line":19,"column":8},"end":{"line":22,"column":18}},{"start":{"line":23,"column":8},"end":{"line":26,"column":18}},{"start":{"line":27,"column":8},"end":{"line":30,"column":18}},{"start":{"line":31,"column":8},"end":{"line":31,"column":28}},{"start":{"line":32,"column":8},"end":{"line":35,"column":18}},{"start":{"line":36,"column":8},"end":{"line":39,"column":18}},{"start":{"line":40,"column":8},"end":{"line":43,"column":18}},{"start":{"line":44,"column":8},"end":{"line":47,"column":18}},{"start":{"line":48,"column":8},"end":{"line":51,"column":18}},{"start":{"line":52,"column":8},"end":{"line":55,"column":18}},{"start":{"line":56,"column":8},"end":{"line":59,"column":18}}],"line":5}},"s":{"0":3,"1":33,"2":33,"3":33,"4":14,"5":14,"6":14,"7":3,"8":3,"9":3,"10":2,"11":2,"12":2,"13":2,"14":2,"15":2,"16":2,"17":2,"18":2,"19":2,"20":2,"21":2,"22":1,"23":1,"24":1,"25":1,"26":1,"27":1,"28":1,"29":1,"30":1,"31":1,"32":1,"33":1,"34":1,"35":1,"36":1,"37":1,"38":1,"39":1,"40":1,"41":1,"42":1,"43":33,"44":3},"f":{"0":33},"b":{"0":[11,14,3,2,2,2,2,1,1,1,1,1,1,1,1]},"_coverageSchema":"1a1c01bbd47fc00a2c39e90264f33305004495a9","hash":"3505b830c6ef82a2bfbea6cfdedcba2bc2102dff"}
,"C:\\Hacktiv8\\Recruitment Test\\Hangry\\REST API\\RESTful-API-BE-Test\\middlewares\\userAuthentication.js": {"path":"C:\\Hacktiv8\\Recruitment Test\\Hangry\\REST API\\RESTful-API-BE-Test\\middlewares\\userAuthentication.js","statementMap":{"0":{"start":{"line":1,"column":24},"end":{"line":1,"column":63}},"1":{"start":{"line":2,"column":17},"end":{"line":2,"column":37}},"2":{"start":{"line":4,"column":27},"end":{"line":36,"column":1}},"3":{"start":{"line":5,"column":4},"end":{"line":35,"column":5}},"4":{"start":{"line":6,"column":33},"end":{"line":6,"column":44}},"5":{"start":{"line":9,"column":8},"end":{"line":11,"column":9}},"6":{"start":{"line":10,"column":12},"end":{"line":10,"column":49}},"7":{"start":{"line":14,"column":24},"end":{"line":14,"column":49}},"8":{"start":{"line":16,"column":25},"end":{"line":16,"column":56}},"9":{"start":{"line":19,"column":8},"end":{"line":21,"column":9}},"10":{"start":{"line":20,"column":12},"end":{"line":20,"column":43}},"11":{"start":{"line":24,"column":8},"end":{"line":28,"column":9}},"12":{"start":{"line":31,"column":8},"end":{"line":31,"column":15}},"13":{"start":{"line":34,"column":8},"end":{"line":34,"column":20}},"14":{"start":{"line":38,"column":0},"end":{"line":38,"column":36}}},"fnMap":{"0":{"name":"(anonymous_0)","decl":{"start":{"line":4,"column":27},"end":{"line":4,"column":28}},"loc":{"start":{"line":4,"column":53},"end":{"line":36,"column":1}},"line":4}},"branchMap":{"0":{"loc":{"start":{"line":9,"column":8},"end":{"line":11,"column":9}},"type":"if","locations":[{"start":{"line":9,"column":8},"end":{"line":11,"column":9}},{"start":{},"end":{}}],"line":9},"1":{"loc":{"start":{"line":19,"column":8},"end":{"line":21,"column":9}},"type":"if","locations":[{"start":{"line":19,"column":8},"end":{"line":21,"column":9}},{"start":{},"end":{}}],"line":19}},"s":{"0":3,"1":3,"2":3,"3":8,"4":8,"5":8,"6":2,"7":6,"8":5,"9":5,"10":1,"11":4,"12":4,"13":4,"14":3},"f":{"0":8},"b":{"0":[2,6],"1":[1,4]},"_coverageSchema":"1a1c01bbd47fc00a2c39e90264f33305004495a9","hash":"46edb7b41eae944de1e65bd32a634acc82e72bf1"}
,"C:\\Hacktiv8\\Recruitment Test\\Hangry\\REST API\\RESTful-API-BE-Test\\models\\cart.js": {"path":"C:\\Hacktiv8\\Recruitment Test\\Hangry\\REST API\\RESTful-API-BE-Test\\models\\cart.js","statementMap":{"0":{"start":{"line":4,"column":4},"end":{"line":4,"column":24}},"1":{"start":{"line":5,"column":0},"end":{"line":38,"column":2}},"2":{"start":{"line":14,"column":6},"end":{"line":14,"column":58}},"3":{"start":{"line":15,"column":6},"end":{"line":15,"column":59}},"4":{"start":{"line":18,"column":2},"end":{"line":36,"column":5}},"5":{"start":{"line":37,"column":2},"end":{"line":37,"column":14}}},"fnMap":{"0":{"name":"(anonymous_0)","decl":{"start":{"line":5,"column":17},"end":{"line":5,"column":18}},"loc":{"start":{"line":5,"column":43},"end":{"line":38,"column":1}},"line":5},"1":{"name":"(anonymous_1)","decl":{"start":{"line":12,"column":4},"end":{"line":12,"column":5}},"loc":{"start":{"line":12,"column":29},"end":{"line":16,"column":5}},"line":12}},"branchMap":{},"s":{"0":6,"1":6,"2":6,"3":6,"4":6,"5":6},"f":{"0":6,"1":6},"b":{},"_coverageSchema":"1a1c01bbd47fc00a2c39e90264f33305004495a9","hash":"aa096edefd211cb2dd46349c9a5e67bcede2be47"}
,"C:\\Hacktiv8\\Recruitment Test\\Hangry\\REST API\\RESTful-API-BE-Test\\models\\cartitem.js": {"path":"C:\\Hacktiv8\\Recruitment Test\\Hangry\\REST API\\RESTful-API-BE-Test\\models\\cartitem.js","statementMap":{"0":{"start":{"line":4,"column":4},"end":{"line":4,"column":24}},"1":{"start":{"line":5,"column":0},"end":{"line":37,"column":2}},"2":{"start":{"line":14,"column":6},"end":{"line":14,"column":61}},"3":{"start":{"line":15,"column":6},"end":{"line":15,"column":61}},"4":{"start":{"line":18,"column":2},"end":{"line":35,"column":5}},"5":{"start":{"line":36,"column":2},"end":{"line":36,"column":18}}},"fnMap":{"0":{"name":"(anonymous_0)","decl":{"start":{"line":5,"column":17},"end":{"line":5,"column":18}},"loc":{"start":{"line":5,"column":43},"end":{"line":37,"column":1}},"line":5},"1":{"name":"(anonymous_1)","decl":{"start":{"line":12,"column":4},"end":{"line":12,"column":5}},"loc":{"start":{"line":12,"column":29},"end":{"line":16,"column":5}},"line":12}},"branchMap":{},"s":{"0":6,"1":6,"2":6,"3":6,"4":6,"5":6},"f":{"0":6,"1":6},"b":{},"_coverageSchema":"1a1c01bbd47fc00a2c39e90264f33305004495a9","hash":"4a6d1391a735ecfdbe969a57a644742c2d219160"}
,"C:\\Hacktiv8\\Recruitment Test\\Hangry\\REST API\\RESTful-API-BE-Test\\models\\index.js": {"path":"C:\\Hacktiv8\\Recruitment Test\\Hangry\\REST API\\RESTful-API-BE-Test\\models\\index.js","statementMap":{"0":{"start":{"line":3,"column":11},"end":{"line":3,"column":24}},"1":{"start":{"line":4,"column":13},"end":{"line":4,"column":28}},"2":{"start":{"line":5,"column":18},"end":{"line":5,"column":38}},"3":{"start":{"line":6,"column":16},"end":{"line":6,"column":34}},"4":{"start":{"line":7,"column":17},"end":{"line":7,"column":42}},"5":{"start":{"line":8,"column":12},"end":{"line":8,"column":49}},"6":{"start":{"line":9,"column":15},"end":{"line":9,"column":65}},"7":{"start":{"line":10,"column":11},"end":{"line":10,"column":13}},"8":{"start":{"line":13,"column":0},"end":{"line":17,"column":1}},"9":{"start":{"line":14,"column":2},"end":{"line":14,"column":74}},"10":{"start":{"line":16,"column":2},"end":{"line":16,"column":87}},"11":{"start":{"line":19,"column":0},"end":{"line":32,"column":5}},"12":{"start":{"line":22,"column":4},"end":{"line":27,"column":6}},"13":{"start":{"line":30,"column":18},"end":{"line":30,"column":85}},"14":{"start":{"line":31,"column":4},"end":{"line":31,"column":27}},"15":{"start":{"line":34,"column":0},"end":{"line":38,"column":3}},"16":{"start":{"line":35,"column":2},"end":{"line":37,"column":3}},"17":{"start":{"line":36,"column":4},"end":{"line":36,"column":32}},"18":{"start":{"line":40,"column":0},"end":{"line":40,"column":25}},"19":{"start":{"line":41,"column":0},"end":{"line":41,"column":25}},"20":{"start":{"line":43,"column":0},"end":{"line":43,"column":20}}},"fnMap":{"0":{"name":"(anonymous_0)","decl":{"start":{"line":21,"column":10},"end":{"line":21,"column":11}},"loc":{"start":{"line":21,"column":18},"end":{"line":28,"column":3}},"line":21},"1":{"name":"(anonymous_1)","decl":{"start":{"line":29,"column":11},"end":{"line":29,"column":12}},"loc":{"start":{"line":29,"column":19},"end":{"line":32,"column":3}},"line":29},"2":{"name":"(anonymous_2)","decl":{"start":{"line":34,"column":24},"end":{"line":34,"column":25}},"loc":{"start":{"line":34,"column":37},"end":{"line":38,"column":1}},"line":34}},"branchMap":{"0":{"loc":{"start":{"line":8,"column":12},"end":{"line":8,"column":49}},"type":"binary-expr","locations":[{"start":{"line":8,"column":12},"end":{"line":8,"column":32}},{"start":{"line":8,"column":36},"end":{"line":8,"column":49}}],"line":8},"1":{"loc":{"start":{"line":13,"column":0},"end":{"line":17,"column":1}},"type":"if","locations":[{"start":{"line":13,"column":0},"end":{"line":17,"column":1}},{"start":{"line":15,"column":7},"end":{"line":17,"column":1}}],"line":13},"2":{"loc":{"start":{"line":23,"column":6},"end":{"line":26,"column":37}},"type":"binary-expr","locations":[{"start":{"line":23,"column":6},"end":{"line":23,"column":29}},{"start":{"line":24,"column":6},"end":{"line":24,"column":23}},{"start":{"line":25,"column":6},"end":{"line":25,"column":30}},{"start":{"line":26,"column":6},"end":{"line":26,"column":37}}],"line":23},"3":{"loc":{"start":{"line":35,"column":2},"end":{"line":37,"column":3}},"type":"if","locations":[{"start":{"line":35,"column":2},"end":{"line":37,"column":3}},{"start":{},"end":{}}],"line":35}},"s":{"0":6,"1":6,"2":6,"3":6,"4":6,"5":6,"6":6,"7":6,"8":6,"9":0,"10":6,"11":6,"12":48,"13":42,"14":42,"15":6,"16":42,"17":42,"18":6,"19":6,"20":6},"f":{"0":48,"1":42,"2":42},"b":{"0":[6,0],"1":[0,6],"2":[48,48,42,42],"3":[42,0]},"_coverageSchema":"1a1c01bbd47fc00a2c39e90264f33305004495a9","hash":"f104e78e4d360f2623b3dd0fb9f87bcb7026ba04"}
,"C:\\Hacktiv8\\Recruitment Test\\Hangry\\REST API\\RESTful-API-BE-Test\\models\\menu.js": {"path":"C:\\Hacktiv8\\Recruitment Test\\Hangry\\REST API\\RESTful-API-BE-Test\\models\\menu.js","statementMap":{"0":{"start":{"line":4,"column":4},"end":{"line":4,"column":24}},"1":{"start":{"line":5,"column":0},"end":{"line":48,"column":2}},"2":{"start":{"line":14,"column":6},"end":{"line":14,"column":59}},"3":{"start":{"line":15,"column":6},"end":{"line":15,"column":60}},"4":{"start":{"line":18,"column":2},"end":{"line":46,"column":5}},"5":{"start":{"line":47,"column":2},"end":{"line":47,"column":14}}},"fnMap":{"0":{"name":"(anonymous_0)","decl":{"start":{"line":5,"column":17},"end":{"line":5,"column":18}},"loc":{"start":{"line":5,"column":43},"end":{"line":48,"column":1}},"line":5},"1":{"name":"(anonymous_1)","decl":{"start":{"line":12,"column":4},"end":{"line":12,"column":5}},"loc":{"start":{"line":12,"column":29},"end":{"line":16,"column":5}},"line":12}},"branchMap":{},"s":{"0":6,"1":6,"2":6,"3":6,"4":6,"5":6},"f":{"0":6,"1":6},"b":{},"_coverageSchema":"1a1c01bbd47fc00a2c39e90264f33305004495a9","hash":"4f3014fbeac9bc5b8ff5bf9c66139a08a915aaeb"}
,"C:\\Hacktiv8\\Recruitment Test\\Hangry\\REST API\\RESTful-API-BE-Test\\models\\order.js": {"path":"C:\\Hacktiv8\\Recruitment Test\\Hangry\\REST API\\RESTful-API-BE-Test\\models\\order.js","statementMap":{"0":{"start":{"line":4,"column":4},"end":{"line":4,"column":24}},"1":{"start":{"line":5,"column":0},"end":{"line":32,"column":2}},"2":{"start":{"line":14,"column":6},"end":{"line":14,"column":59}},"3":{"start":{"line":15,"column":6},"end":{"line":15,"column":62}},"4":{"start":{"line":18,"column":2},"end":{"line":30,"column":5}},"5":{"start":{"line":31,"column":2},"end":{"line":31,"column":15}}},"fnMap":{"0":{"name":"(anonymous_0)","decl":{"start":{"line":5,"column":17},"end":{"line":5,"column":18}},"loc":{"start":{"line":5,"column":43},"end":{"line":32,"column":1}},"line":5},"1":{"name":"(anonymous_1)","decl":{"start":{"line":12,"column":4},"end":{"line":12,"column":5}},"loc":{"start":{"line":12,"column":29},"end":{"line":16,"column":5}},"line":12}},"branchMap":{},"s":{"0":6,"1":6,"2":6,"3":6,"4":6,"5":6},"f":{"0":6,"1":6},"b":{},"_coverageSchema":"1a1c01bbd47fc00a2c39e90264f33305004495a9","hash":"bcb82737ec9753fc70e426be45e76ce51c3fff87"}
,"C:\\Hacktiv8\\Recruitment Test\\Hangry\\REST API\\RESTful-API-BE-Test\\models\\orderitem.js": {"path":"C:\\Hacktiv8\\Recruitment Test\\Hangry\\REST API\\RESTful-API-BE-Test\\models\\orderitem.js","statementMap":{"0":{"start":{"line":4,"column":4},"end":{"line":4,"column":24}},"1":{"start":{"line":5,"column":0},"end":{"line":36,"column":2}},"2":{"start":{"line":14,"column":6},"end":{"line":14,"column":64}},"3":{"start":{"line":15,"column":6},"end":{"line":15,"column":62}},"4":{"start":{"line":18,"column":2},"end":{"line":34,"column":5}},"5":{"start":{"line":35,"column":2},"end":{"line":35,"column":19}}},"fnMap":{"0":{"name":"(anonymous_0)","decl":{"start":{"line":5,"column":17},"end":{"line":5,"column":18}},"loc":{"start":{"line":5,"column":43},"end":{"line":36,"column":1}},"line":5},"1":{"name":"(anonymous_1)","decl":{"start":{"line":12,"column":4},"end":{"line":12,"column":5}},"loc":{"start":{"line":12,"column":29},"end":{"line":16,"column":5}},"line":12}},"branchMap":{},"s":{"0":6,"1":6,"2":6,"3":6,"4":6,"5":6},"f":{"0":6,"1":6},"b":{},"_coverageSchema":"1a1c01bbd47fc00a2c39e90264f33305004495a9","hash":"a1f63ebd131d00fc45dde2e88edf501579adc4dc"}
,"C:\\Hacktiv8\\Recruitment Test\\Hangry\\REST API\\RESTful-API-BE-Test\\models\\profile.js": {"path":"C:\\Hacktiv8\\Recruitment Test\\Hangry\\REST API\\RESTful-API-BE-Test\\models\\profile.js","statementMap":{"0":{"start":{"line":4,"column":4},"end":{"line":4,"column":24}},"1":{"start":{"line":5,"column":0},"end":{"line":31,"column":2}},"2":{"start":{"line":14,"column":6},"end":{"line":14,"column":36}},"3":{"start":{"line":17,"column":2},"end":{"line":29,"column":5}},"4":{"start":{"line":30,"column":2},"end":{"line":30,"column":17}}},"fnMap":{"0":{"name":"(anonymous_0)","decl":{"start":{"line":5,"column":17},"end":{"line":5,"column":18}},"loc":{"start":{"line":5,"column":43},"end":{"line":31,"column":1}},"line":5},"1":{"name":"(anonymous_1)","decl":{"start":{"line":12,"column":4},"end":{"line":12,"column":5}},"loc":{"start":{"line":12,"column":29},"end":{"line":15,"column":5}},"line":12}},"branchMap":{},"s":{"0":6,"1":6,"2":6,"3":6,"4":6},"f":{"0":6,"1":6},"b":{},"_coverageSchema":"1a1c01bbd47fc00a2c39e90264f33305004495a9","hash":"d45fb1b28d0563b93f44c2191ee6e7ccda649f64"}
,"C:\\Hacktiv8\\Recruitment Test\\Hangry\\REST API\\RESTful-API-BE-Test\\models\\user.js": {"path":"C:\\Hacktiv8\\Recruitment Test\\Hangry\\REST API\\RESTful-API-BE-Test\\models\\user.js","statementMap":{"0":{"start":{"line":4,"column":4},"end":{"line":4,"column":24}},"1":{"start":{"line":5,"column":25},"end":{"line":5,"column":59}},"2":{"start":{"line":6,"column":0},"end":{"line":78,"column":2}},"3":{"start":{"line":15,"column":6},"end":{"line":15,"column":34}},"4":{"start":{"line":16,"column":6},"end":{"line":16,"column":58}},"5":{"start":{"line":17,"column":6},"end":{"line":17,"column":59}},"6":{"start":{"line":20,"column":2},"end":{"line":76,"column":5}},"7":{"start":{"line":73,"column":8},"end":{"line":73,"column":59}},"8":{"start":{"line":77,"column":2},"end":{"line":77,"column":14}}},"fnMap":{"0":{"name":"(anonymous_0)","decl":{"start":{"line":6,"column":17},"end":{"line":6,"column":18}},"loc":{"start":{"line":6,"column":43},"end":{"line":78,"column":1}},"line":6},"1":{"name":"(anonymous_1)","decl":{"start":{"line":13,"column":4},"end":{"line":13,"column":5}},"loc":{"start":{"line":13,"column":29},"end":{"line":18,"column":5}},"line":13},"2":{"name":"(anonymous_2)","decl":{"start":{"line":72,"column":6},"end":{"line":72,"column":7}},"loc":{"start":{"line":72,"column":29},"end":{"line":74,"column":7}},"line":72}},"branchMap":{},"s":{"0":6,"1":6,"2":6,"3":6,"4":6,"5":6,"6":6,"7":3,"8":6},"f":{"0":6,"1":6,"2":3},"b":{},"_coverageSchema":"1a1c01bbd47fc00a2c39e90264f33305004495a9","hash":"7fe642495db98964ffad0cefdb5f377da86456f5"}
,"C:\\Hacktiv8\\Recruitment Test\\Hangry\\REST API\\RESTful-API-BE-Test\\routes\\carts.js": {"path":"C:\\Hacktiv8\\Recruitment Test\\Hangry\\REST API\\RESTful-API-BE-Test\\routes\\carts.js","statementMap":{"0":{"start":{"line":1,"column":16},"end":{"line":1,"column":34}},"1":{"start":{"line":2,"column":15},"end":{"line":2,"column":31}},"2":{"start":{"line":3,"column":23},"end":{"line":3,"column":63}},"3":{"start":{"line":4,"column":27},"end":{"line":4,"column":71}},"4":{"start":{"line":6,"column":0},"end":{"line":6,"column":73}},"5":{"start":{"line":7,"column":0},"end":{"line":7,"column":73}},"6":{"start":{"line":8,"column":0},"end":{"line":8,"column":75}},"7":{"start":{"line":9,"column":0},"end":{"line":9,"column":78}},"8":{"start":{"line":13,"column":0},"end":{"line":13,"column":24}}},"fnMap":{},"branchMap":{},"s":{"0":2,"1":2,"2":2,"3":2,"4":2,"5":2,"6":2,"7":2,"8":2},"f":{},"b":{},"_coverageSchema":"1a1c01bbd47fc00a2c39e90264f33305004495a9","hash":"7b15889513d3b4085dedbf9bb6e20864ab45b523"}
,"C:\\Hacktiv8\\Recruitment Test\\Hangry\\REST API\\RESTful-API-BE-Test\\routes\\index.js": {"path":"C:\\Hacktiv8\\Recruitment Test\\Hangry\\REST API\\RESTful-API-BE-Test\\routes\\index.js","statementMap":{"0":{"start":{"line":1,"column":16},"end":{"line":1,"column":34}},"1":{"start":{"line":2,"column":15},"end":{"line":2,"column":31}},"2":{"start":{"line":3,"column":20},"end":{"line":3,"column":38}},"3":{"start":{"line":4,"column":20},"end":{"line":4,"column":38}},"4":{"start":{"line":5,"column":20},"end":{"line":5,"column":38}},"5":{"start":{"line":6,"column":20},"end":{"line":6,"column":39}},"6":{"start":{"line":7,"column":21},"end":{"line":7,"column":59}},"7":{"start":{"line":9,"column":0},"end":{"line":9,"column":28}},"8":{"start":{"line":10,"column":0},"end":{"line":10,"column":28}},"9":{"start":{"line":11,"column":0},"end":{"line":11,"column":28}},"10":{"start":{"line":12,"column":0},"end":{"line":12,"column":28}},"11":{"start":{"line":14,"column":0},"end":{"line":14,"column":24}},"12":{"start":{"line":16,"column":0},"end":{"line":16,"column":24}}},"fnMap":{},"branchMap":{},"s":{"0":2,"1":2,"2":2,"3":2,"4":2,"5":2,"6":2,"7":2,"8":2,"9":2,"10":2,"11":2,"12":2},"f":{},"b":{},"_coverageSchema":"1a1c01bbd47fc00a2c39e90264f33305004495a9","hash":"3faff58de2eb0df0d184a98983de3937e074c9e2"}
,"C:\\Hacktiv8\\Recruitment Test\\Hangry\\REST API\\RESTful-API-BE-Test\\routes\\menus.js": {"path":"C:\\Hacktiv8\\Recruitment Test\\Hangry\\REST API\\RESTful-API-BE-Test\\routes\\menus.js","statementMap":{"0":{"start":{"line":1,"column":16},"end":{"line":1,"column":34}},"1":{"start":{"line":2,"column":15},"end":{"line":2,"column":31}},"2":{"start":{"line":3,"column":23},"end":{"line":3,"column":63}},"3":{"start":{"line":4,"column":28},"end":{"line":4,"column":73}},"4":{"start":{"line":8,"column":0},"end":{"line":8,"column":49}},"5":{"start":{"line":9,"column":0},"end":{"line":9,"column":69}},"6":{"start":{"line":10,"column":0},"end":{"line":10,"column":53}},"7":{"start":{"line":11,"column":0},"end":{"line":11,"column":78}},"8":{"start":{"line":12,"column":0},"end":{"line":12,"column":76}},"9":{"start":{"line":14,"column":0},"end":{"line":14,"column":24}}},"fnMap":{},"branchMap":{},"s":{"0":2,"1":2,"2":2,"3":2,"4":2,"5":2,"6":2,"7":2,"8":2,"9":2},"f":{},"b":{},"_coverageSchema":"1a1c01bbd47fc00a2c39e90264f33305004495a9","hash":"e411cde636a2a5383b6ee989714546bdaff7e08d"}
,"C:\\Hacktiv8\\Recruitment Test\\Hangry\\REST API\\RESTful-API-BE-Test\\routes\\orders.js": {"path":"C:\\Hacktiv8\\Recruitment Test\\Hangry\\REST API\\RESTful-API-BE-Test\\routes\\orders.js","statementMap":{"0":{"start":{"line":1,"column":16},"end":{"line":1,"column":34}},"1":{"start":{"line":2,"column":15},"end":{"line":2,"column":31}},"2":{"start":{"line":3,"column":24},"end":{"line":3,"column":65}},"3":{"start":{"line":4,"column":27},"end":{"line":4,"column":71}},"4":{"start":{"line":7,"column":0},"end":{"line":7,"column":69}},"5":{"start":{"line":9,"column":0},"end":{"line":9,"column":75}},"6":{"start":{"line":13,"column":0},"end":{"line":13,"column":24}}},"fnMap":{},"branchMap":{},"s":{"0":2,"1":2,"2":2,"3":2,"4":2,"5":2,"6":2},"f":{},"b":{},"_coverageSchema":"1a1c01bbd47fc00a2c39e90264f33305004495a9","hash":"3dc4038c66ed65c17fafe1f823c142fd49be7fb5"}
,"C:\\Hacktiv8\\Recruitment Test\\Hangry\\REST API\\RESTful-API-BE-Test\\routes\\users.js": {"path":"C:\\Hacktiv8\\Recruitment Test\\Hangry\\REST API\\RESTful-API-BE-Test\\routes\\users.js","statementMap":{"0":{"start":{"line":1,"column":16},"end":{"line":1,"column":34}},"1":{"start":{"line":2,"column":15},"end":{"line":2,"column":31}},"2":{"start":{"line":3,"column":23},"end":{"line":3,"column":63}},"3":{"start":{"line":4,"column":27},"end":{"line":4,"column":71}},"4":{"start":{"line":7,"column":0},"end":{"line":7,"column":54}},"5":{"start":{"line":8,"column":0},"end":{"line":8,"column":60}},"6":{"start":{"line":9,"column":0},"end":{"line":9,"column":77}},"7":{"start":{"line":10,"column":0},"end":{"line":10,"column":85}},"8":{"start":{"line":12,"column":0},"end":{"line":12,"column":23}}},"fnMap":{},"branchMap":{},"s":{"0":2,"1":2,"2":2,"3":2,"4":2,"5":2,"6":2,"7":2,"8":2},"f":{},"b":{},"_coverageSchema":"1a1c01bbd47fc00a2c39e90264f33305004495a9","hash":"e94d678e4030d2fbe354552722ad99206b0d4520"}
}
