TN:
SF:app.js
FNF:0
FNH:0
DA:1,2
DA:2,2
DA:5,2
DA:6,2
DA:7,2
DA:8,2
DA:9,2
DA:12,2
DA:15,2
DA:16,2
DA:19,2
DA:26,2
LF:12
LH:12
BRDA:1,0,0,2
BRDA:1,0,1,0
BRDA:7,1,0,2
BRDA:7,1,1,0
BRF:4
BRH:2
end_of_record
TN:
SF:config\redis.js
FNF:0
FNH:0
DA:1,4
DA:3,4
DA:11,4
LF:3
LH:3
BRF:0
BRH:0
end_of_record
TN:
SF:controllers\cartController.js
FN:6,(anonymous_0)
FN:52,(anonymous_1)
FN:110,(anonymous_2)
FN:191,(anonymous_3)
FNF:4
FNH:4
FNDA:3,(anonymous_0)
FNDA:2,(anonymous_1)
FNDA:3,(anonymous_2)
FNDA:2,(anonymous_3)
DA:1,3
DA:2,3
DA:7,3
DA:9,3
DA:12,3
DA:15,3
DA:18,2
DA:19,1
DA:20,1
DA:23,1
DA:37,1
DA:40,1
DA:43,1
DA:48,1
DA:54,2
DA:56,1
DA:57,1
DA:58,1
DA:59,1
DA:62,1
DA:63,1
DA:64,0
DA:68,1
DA:77,1
DA:86,1
DA:87,1
DA:90,1
DA:91,0
DA:94,0
DA:97,0
DA:98,0
DA:100,0
DA:101,0
DA:105,1
DA:106,1
DA:112,3
DA:114,3
DA:116,3
DA:119,3
DA:122,3
DA:135,2
DA:136,0
DA:140,2
DA:149,2
DA:150,0
DA:154,2
DA:155,0
DA:158,0
DA:160,0
DA:164,0
DA:166,0
DA:167,0
DA:170,0
DA:171,0
DA:172,0
DA:175,0
DA:176,0
DA:177,0
DA:180,0
DA:181,0
DA:186,3
DA:187,1
DA:193,2
DA:195,2
DA:197,2
DA:200,2
DA:213,1
DA:214,0
DA:218,1
DA:226,0
DA:227,0
DA:230,0
DA:231,0
DA:234,0
DA:237,0
DA:238,0
DA:239,0
DA:242,0
DA:248,2
DA:249,1
DA:255,3
LF:81
LH:48
BRDA:18,0,0,1
BRDA:18,0,1,1
BRDA:63,1,0,0
BRDA:63,1,1,1
BRDA:135,2,0,0
BRDA:135,2,1,2
BRDA:149,3,0,0
BRDA:149,3,1,2
BRDA:158,4,0,0
BRDA:158,4,1,0
BRDA:164,5,0,0
BRDA:164,5,1,0
BRDA:213,6,0,0
BRDA:213,6,1,1
BRF:14
BRH:6
end_of_record
TN:
SF:controllers\menuController.js
FN:6,(anonymous_0)
FN:111,(anonymous_1)
FN:135,(anonymous_2)
FN:163,(anonymous_3)
FN:193,(anonymous_4)
FNF:5
FNH:5
FNDA:3,(anonymous_0)
FNDA:3,(anonymous_1)
FNDA:1,(anonymous_2)
FNDA:2,(anonymous_3)
FNDA:1,(anonymous_4)
DA:1,2
DA:2,2
DA:3,2
DA:8,3
DA:10,3
DA:15,3
DA:16,1
DA:24,3
DA:26,1
DA:28,0
DA:31,1
DA:34,1
DA:38,3
DA:39,1
DA:40,1
DA:41,1
DA:44,1
DA:45,1
DA:46,1
DA:50,2
DA:51,2
DA:52,2
DA:53,2
DA:56,3
DA:58,3
DA:61,3
DA:64,3
DA:65,1
DA:66,1
DA:69,2
DA:71,2
DA:72,2
DA:73,2
DA:74,2
DA:77,2
DA:86,2
DA:87,0
DA:90,2
DA:91,1
DA:95,2
DA:98,2
DA:101,2
DA:107,0
DA:112,3
DA:113,3
DA:116,3
DA:123,2
DA:124,1
DA:128,1
DA:131,2
DA:136,1
DA:138,1
DA:140,1
DA:147,1
DA:150,1
DA:159,0
DA:164,2
DA:165,2
DA:167,2
DA:170,2
DA:171,1
DA:175,1
DA:180,1
DA:183,1
DA:189,1
DA:194,1
DA:195,1
DA:196,1
DA:199,1
DA:202,1
DA:203,0
DA:207,1
DA:208,0
DA:212,1
DA:219,1
DA:222,1
DA:224,1
DA:230,0
DA:236,2
LF:79
LH:72
BRDA:8,0,0,3
BRDA:8,0,1,0
BRDA:15,1,0,1
BRDA:15,1,1,2
BRDA:24,2,0,1
BRDA:24,2,1,2
BRDA:24,3,0,3
BRDA:24,3,1,3
BRDA:26,4,0,0
BRDA:26,4,1,1
BRDA:38,5,0,1
BRDA:38,5,1,2
BRDA:38,6,0,3
BRDA:38,6,1,3
BRDA:39,7,0,1
BRDA:39,7,1,0
BRDA:39,8,0,1
BRDA:39,8,1,1
BRDA:44,9,0,1
BRDA:44,9,1,0
BRDA:44,10,0,1
BRDA:44,10,1,1
BRDA:64,11,0,1
BRDA:64,11,1,2
BRDA:72,12,0,1
BRDA:72,12,1,1
BRDA:72,13,0,2
BRDA:72,13,1,1
BRDA:73,14,0,2
BRDA:73,14,1,0
BRDA:86,15,0,0
BRDA:86,15,1,2
BRDA:90,16,0,1
BRDA:90,16,1,1
BRDA:123,17,0,1
BRDA:123,17,1,1
BRDA:170,18,0,1
BRDA:170,18,1,1
BRDA:202,19,0,0
BRDA:202,19,1,1
BRDA:207,20,0,0
BRDA:207,20,1,1
BRDA:207,21,0,1
BRDA:207,21,1,0
BRDA:207,21,2,0
BRF:45
BRH:35
end_of_record
TN:
SF:controllers\orderController.js
FN:5,(anonymous_0)
FN:94,(anonymous_1)
FNF:2
FNH:2
FNDA:3,(anonymous_0)
FNDA:4,(anonymous_1)
DA:1,3
DA:2,3
DA:7,3
DA:9,3
DA:10,3
DA:11,3
DA:14,3
DA:30,3
DA:31,1
DA:35,2
DA:41,2
DA:42,2
DA:44,2
DA:52,1
DA:65,1
DA:66,0
DA:70,1
DA:72,1
DA:75,1
DA:77,1
DA:80,1
DA:83,1
DA:84,1
DA:86,1
DA:89,2
DA:90,2
DA:95,4
DA:97,4
DA:100,4
DA:103,4
DA:106,0
DA:107,0
DA:108,0
DA:111,0
DA:124,0
DA:127,0
DA:130,0
DA:135,4
DA:140,3
LF:39
LH:31
BRDA:30,0,0,1
BRDA:30,0,1,2
BRDA:65,1,0,0
BRDA:65,1,1,1
BRDA:106,2,0,0
BRDA:106,2,1,0
BRF:6
BRH:3
end_of_record
TN:
SF:controllers\userController.js
FN:6,(anonymous_0)
FN:55,(anonymous_1)
FN:89,(anonymous_2)
FN:137,(anonymous_3)
FNF:4
FNH:4
FNDA:5,(anonymous_0)
FNDA:13,(anonymous_1)
FNDA:1,(anonymous_2)
FNDA:2,(anonymous_3)
DA:1,2
DA:2,2
DA:3,2
DA:7,5
DA:9,5
DA:12,5
DA:13,2
DA:17,3
DA:18,1
DA:22,2
DA:23,2
DA:24,0
DA:28,2
DA:31,2
DA:32,1
DA:36,1
DA:39,1
DA:48,1
DA:51,4
DA:56,13
DA:58,13
DA:61,13
DA:70,1
DA:75,1
DA:82,1
DA:85,12
DA:90,1
DA:91,1
DA:93,1
DA:96,1
DA:103,1
DA:104,0
DA:108,1
DA:109,0
DA:113,1
DA:120,1
DA:127,1
DA:133,0
DA:139,2
DA:140,2
DA:141,2
DA:142,2
DA:145,2
DA:146,1
DA:150,1
DA:156,1
DA:159,1
DA:162,1
DA:165,1
DA:169,1
DA:171,1
DA:176,2
LF:52
LH:48
BRDA:12,0,0,2
BRDA:12,0,1,3
BRDA:17,1,0,1
BRDA:17,1,1,2
BRDA:23,2,0,0
BRDA:23,2,1,2
BRDA:31,3,0,1
BRDA:31,3,1,1
BRDA:103,4,0,0
BRDA:103,4,1,1
BRDA:108,5,0,0
BRDA:108,5,1,1
BRDA:108,6,0,1
BRDA:108,6,1,0
BRDA:108,6,2,0
BRDA:145,7,0,1
BRDA:145,7,1,1
BRF:17
BRH:12
end_of_record
TN:
SF:helpers\bcryptHasher.js
FN:3,(anonymous_0)
FN:7,(anonymous_1)
FNF:2
FNH:2
FNDA:3,(anonymous_0)
FNDA:2,(anonymous_1)
DA:1,7
DA:3,7
DA:4,3
DA:7,7
DA:8,2
DA:11,7
LF:6
LH:6
BRF:0
BRH:0
end_of_record
TN:
SF:helpers\jwtEncoderDecoder.js
FN:5,(anonymous_0)
FN:9,(anonymous_1)
FNF:2
FNH:2
FNDA:1,(anonymous_0)
FNDA:6,(anonymous_1)
DA:1,4
DA:3,4
DA:5,4
DA:6,1
DA:9,4
DA:10,6
DA:13,4
LF:7
LH:7
BRF:0
BRH:0
end_of_record
TN:
SF:middlewares\adminAuthentication.js
FN:4,(anonymous_0)
FNF:1
FNH:1
FNDA:10,(anonymous_0)
DA:1,3
DA:2,3
DA:4,3
DA:5,10
DA:6,10
DA:9,10
DA:10,4
DA:14,6
DA:16,3
DA:19,3
DA:20,1
DA:24,2
DA:25,1
DA:29,1
DA:36,1
DA:39,9
DA:43,3
LF:17
LH:17
BRDA:9,0,0,4
BRDA:9,0,1,6
BRDA:19,1,0,1
BRDA:19,1,1,2
BRDA:24,2,0,1
BRDA:24,2,1,1
BRF:6
BRH:6
end_of_record
TN:
SF:middlewares\errorHandler.js
FN:1,(anonymous_0)
FNF:1
FNH:1
FNDA:33,(anonymous_0)
DA:1,3
DA:2,33
DA:3,33
DA:5,33
DA:8,14
DA:9,14
DA:10,14
DA:12,3
DA:13,3
DA:14,3
DA:16,2
DA:17,2
DA:18,2
DA:20,2
DA:21,2
DA:22,2
DA:24,2
DA:25,2
DA:26,2
DA:28,2
DA:29,2
DA:30,2
DA:33,1
DA:34,1
DA:35,1
DA:37,1
DA:38,1
DA:39,1
DA:41,1
DA:42,1
DA:43,1
DA:45,1
DA:46,1
DA:47,1
DA:49,1
DA:50,1
DA:51,1
DA:53,1
DA:54,1
DA:55,1
DA:57,1
DA:58,1
DA:59,1
DA:62,33
DA:65,3
LF:45
LH:45
BRDA:5,0,0,11
BRDA:5,0,1,14
BRDA:5,0,2,3
BRDA:5,0,3,2
BRDA:5,0,4,2
BRDA:5,0,5,2
BRDA:5,0,6,2
BRDA:5,0,7,1
BRDA:5,0,8,1
BRDA:5,0,9,1
BRDA:5,0,10,1
BRDA:5,0,11,1
BRDA:5,0,12,1
BRDA:5,0,13,1
BRDA:5,0,14,1
BRF:15
BRH:15
end_of_record
TN:
SF:middlewares\userAuthentication.js
FN:4,(anonymous_0)
FNF:1
FNH:1
FNDA:8,(anonymous_0)
DA:1,3
DA:2,3
DA:4,3
DA:5,8
DA:6,8
DA:9,8
DA:10,2
DA:14,6
DA:16,5
DA:19,5
DA:20,1
DA:24,4
DA:31,4
DA:34,4
DA:38,3
LF:15
LH:15
BRDA:9,0,0,2
BRDA:9,0,1,6
BRDA:19,1,0,1
BRDA:19,1,1,4
BRF:4
BRH:4
end_of_record
TN:
SF:models\cart.js
FN:5,(anonymous_0)
FN:12,(anonymous_1)
FNF:2
FNH:2
FNDA:6,(anonymous_0)
FNDA:6,(anonymous_1)
DA:4,6
DA:5,6
DA:14,6
DA:15,6
DA:18,6
DA:37,6
LF:6
LH:6
BRF:0
BRH:0
end_of_record
TN:
SF:models\cartitem.js
FN:5,(anonymous_0)
FN:12,(anonymous_1)
FNF:2
FNH:2
FNDA:6,(anonymous_0)
FNDA:6,(anonymous_1)
DA:4,6
DA:5,6
DA:14,6
DA:15,6
DA:18,6
DA:36,6
LF:6
LH:6
BRF:0
BRH:0
end_of_record
TN:
SF:models\index.js
FN:21,(anonymous_0)
FN:29,(anonymous_1)
FN:34,(anonymous_2)
FNF:3
FNH:3
FNDA:48,(anonymous_0)
FNDA:42,(anonymous_1)
FNDA:42,(anonymous_2)
DA:3,6
DA:4,6
DA:5,6
DA:6,6
DA:7,6
DA:8,6
DA:9,6
DA:10,6
DA:13,6
DA:14,0
DA:16,6
DA:19,6
DA:22,48
DA:30,42
DA:31,42
DA:34,6
DA:35,42
DA:36,42
DA:40,6
DA:41,6
DA:43,6
LF:21
LH:20
BRDA:8,0,0,6
BRDA:8,0,1,0
BRDA:13,1,0,0
BRDA:13,1,1,6
BRDA:23,2,0,48
BRDA:23,2,1,48
BRDA:23,2,2,42
BRDA:23,2,3,42
BRDA:35,3,0,42
BRDA:35,3,1,0
BRF:10
BRH:7
end_of_record
TN:
SF:models\menu.js
FN:5,(anonymous_0)
FN:12,(anonymous_1)
FNF:2
FNH:2
FNDA:6,(anonymous_0)
FNDA:6,(anonymous_1)
DA:4,6
DA:5,6
DA:14,6
DA:15,6
DA:18,6
DA:47,6
LF:6
LH:6
BRF:0
BRH:0
end_of_record
TN:
SF:models\order.js
FN:5,(anonymous_0)
FN:12,(anonymous_1)
FNF:2
FNH:2
FNDA:6,(anonymous_0)
FNDA:6,(anonymous_1)
DA:4,6
DA:5,6
DA:14,6
DA:15,6
DA:18,6
DA:31,6
LF:6
LH:6
BRF:0
BRH:0
end_of_record
TN:
SF:models\orderitem.js
FN:5,(anonymous_0)
FN:12,(anonymous_1)
FNF:2
FNH:2
FNDA:6,(anonymous_0)
FNDA:6,(anonymous_1)
DA:4,6
DA:5,6
DA:14,6
DA:15,6
DA:18,6
DA:35,6
LF:6
LH:6
BRF:0
BRH:0
end_of_record
TN:
SF:models\profile.js
FN:5,(anonymous_0)
FN:12,(anonymous_1)
FNF:2
FNH:2
FNDA:6,(anonymous_0)
FNDA:6,(anonymous_1)
DA:4,6
DA:5,6
DA:14,6
DA:17,6
DA:30,6
LF:5
LH:5
BRF:0
BRH:0
end_of_record
TN:
SF:models\user.js
FN:6,(anonymous_0)
FN:13,(anonymous_1)
FN:72,(anonymous_2)
FNF:3
FNH:3
FNDA:6,(anonymous_0)
FNDA:6,(anonymous_1)
FNDA:3,(anonymous_2)
DA:4,6
DA:5,6
DA:6,6
DA:15,6
DA:16,6
DA:17,6
DA:20,6
DA:73,3
DA:77,6
LF:9
LH:9
BRF:0
BRH:0
end_of_record
TN:
SF:routes\carts.js
FNF:0
FNH:0
DA:1,2
DA:2,2
DA:3,2
DA:4,2
DA:6,2
DA:7,2
DA:8,2
DA:9,2
DA:13,2
LF:9
LH:9
BRF:0
BRH:0
end_of_record
TN:
SF:routes\index.js
FNF:0
FNH:0
DA:1,2
DA:2,2
DA:3,2
DA:4,2
DA:5,2
DA:6,2
DA:7,2
DA:9,2
DA:10,2
DA:11,2
DA:12,2
DA:14,2
DA:16,2
LF:13
LH:13
BRF:0
BRH:0
end_of_record
TN:
SF:routes\menus.js
FNF:0
FNH:0
DA:1,2
DA:2,2
DA:3,2
DA:4,2
DA:8,2
DA:9,2
DA:10,2
DA:11,2
DA:12,2
DA:14,2
LF:10
LH:10
BRF:0
BRH:0
end_of_record
TN:
SF:routes\orders.js
FNF:0
FNH:0
DA:1,2
DA:2,2
DA:3,2
DA:4,2
DA:7,2
DA:9,2
DA:13,2
LF:7
LH:7
BRF:0
BRH:0
end_of_record
TN:
SF:routes\users.js
FNF:0
FNH:0
DA:1,2
DA:2,2
DA:3,2
DA:4,2
DA:7,2
DA:8,2
DA:9,2
DA:10,2
DA:12,2
LF:9
LH:9
BRF:0
BRH:0
end_of_record
